
**** Build of configuration Debug for project TI_RSLK_controller_interrupts ****

"D:\\Programs\\ti\\ccsv8\\utils\\bin\\gmake" -k -j 4 all -O 
 
Building file: "../main.c"
Invoking: ARM Compiler
"D:/Programs/ti/ccsv8/tools/compiler/ti-cgt-arm_18.1.3.LTS/bin/armcl" -mv7M4 --code_state=16 --float_support=FPv4SPD16 -me --include_path="D:/Programs/ti/ccsv8/ccs_base/arm/include" --include_path="D:/Programs/ti/ccsv8/ccs_base/arm/include/CMSIS" --include_path="D:/CU sophomore/ECEN2440_project_interrupts/TI_RSLK_controller_interrupts" --include_path="D:/Programs/ti/ccsv8/tools/compiler/ti-cgt-arm_18.1.3.LTS/include" --advice:power=all --define=__MSP432P401R__ --define=ccs -g --gcc --diag_warning=225 --diag_wrap=off --display_error_number --abi=eabi --preproc_with_compile --preproc_dependency="main.d_raw"  "../main.c"
"../main.c", line 107: remark #1527-D: (ULP 2.1) Detected SW delay loop using empty loop. Recommend using a timer module instead
"../main.c", line 113: remark #1527-D: (ULP 2.1) Detected SW delay loop using empty loop. Recommend using a timer module instead
"../main.c", line 118: remark #1527-D: (ULP 2.1) Detected SW delay loop using empty loop. Recommend using a timer module instead
"../main.c", line 123: remark #1527-D: (ULP 2.1) Detected SW delay loop using empty loop. Recommend using a timer module instead
"../main.c", line 128: remark #1527-D: (ULP 2.1) Detected SW delay loop using empty loop. Recommend using a timer module instead
"../main.c", line 342: remark #1527-D: (ULP 2.1) Detected SW delay loop using empty loop. Recommend using a timer module instead
"../main.c", line 343: remark #1527-D: (ULP 2.1) Detected SW delay loop using empty loop. Recommend using a timer module instead
Finished building: "../main.c"
 
Building target: "TI_RSLK_controller_interrupts.out"
Invoking: ARM Linker
"D:/Programs/ti/ccsv8/tools/compiler/ti-cgt-arm_18.1.3.LTS/bin/armcl" -mv7M4 --code_state=16 --float_support=FPv4SPD16 -me --advice:power=all --define=__MSP432P401R__ --define=ccs -g --gcc --diag_warning=225 --diag_wrap=off --display_error_number --abi=eabi -z -m"TI_RSLK_controller_interrupts.map" --heap_size=1024 --stack_size=512 -i"D:/Programs/ti/ccsv8/ccs_base/arm/include" -i"D:/Programs/ti/ccsv8/tools/compiler/ti-cgt-arm_18.1.3.LTS/lib" -i"D:/Programs/ti/ccsv8/tools/compiler/ti-cgt-arm_18.1.3.LTS/include" --reread_libs --diag_wrap=off --display_error_number --warn_sections --xml_link_info="TI_RSLK_controller_interrupts_linkInfo.xml" --rom_model -o "TI_RSLK_controller_interrupts.out" "./main.obj" "./startup_msp432p401r_ccs.obj" "./system_msp432p401r.obj" "../msp432p401r.cmd"  -llibc.a 
<Linking>
remark #10371-D: (ULP 1.1) Detected no uses of low power mode state changing instructions
Finished building target: "TI_RSLK_controller_interrupts.out"
 

**** Build Finished ****
